Arguments: 
  /usr/local/bin/node /usr/local/bin/yarn start

PATH: 
  /usr/local/bin:/usr/bin:/bin:/usr/sbin:/sbin

Yarn version: 
  1.17.3

Node version: 
  10.16.0

Platform: 
  darwin x64

Trace: 
  SyntaxError: /Users/amandalowell/Desktop/DevReady/package.json: Unexpected token } in JSON at position 1095
      at JSON.parse (<anonymous>)
      at /usr/local/lib/node_modules/yarn/lib/cli.js:1625:59
      at Generator.next (<anonymous>)
      at step (/usr/local/lib/node_modules/yarn/lib/cli.js:304:30)
      at /usr/local/lib/node_modules/yarn/lib/cli.js:315:13

npm manifest: 
  {
    "name": "readydev",
    "version": "1.0.0",
    "description": "",
    "main": "server.js",
    "scripts": {
      "start": "if-env NODE_ENV=production && npm run start:prod || npm run start:dev",
      "start:prod": "node server.js",
      "start:dev": "concurrently \"nodemon --ignore 'client/*'\" \"npm run client\"",
      "client": "cd client && npm run start",
      "seed": "node scripts/seedDB.js",
      "install": "cd client && npm install",
      "build": "cd client && npm run build",
      "heroku-postbuild": "cd client && npm install --only=dev && npm install && npm run build"
    },
    "author": "",
    "license": "ISC",
    "devDependencies": {
      "concurrently": "^4.1.0",
      "nodemon": "^1.18.7"
    },
    "dependencies": {
      "@restart/context": "^2.1.4",
      "axios": "^0.18.0",
      "bcryptjs": "^2.4.3",
      "bootstrap": "^4.3.1",
      "dotenv": "^8.0.0",
      "express": "^4.16.3",
      "express-session": "^1.16.2",
      "if-env": "^1.0.4",
      "mongoose": "^5.6.9",
      "passport": "^0.4.0",
      "passport-local": "^1.0.0",
      "react-bootstrap": "^1.0.0-beta.10",
      "reactstrap": "^5.0.0"
    },
   
  }

yarn manifest: 
  No manifest

Lockfile: 
  No lockfile
